<?xml version="1.0" encoding="UTF-8"?>
<!-- Generated by org.testng.reporters.JUnitReportReporter -->
<testsuite hostname="LAPTOP-U0L5QPBP" failures="0" tests="1" name="AutamitationPractice.Tests" time="11.616" errors="0" timestamp="2021-12-18T21:45:15 COT" skipped="0">
  <testcase classname="AutamitationPractice.Tests" name="VerifyThreeArrivalsOnly" time="11.616"/>
  <system-out/>
</testsuite> <!-- AutamitationPractice.Tests -->
