<?xml version="1.0" encoding="UTF-8"?>
<!-- Generated by org.testng.reporters.JUnitReportReporter -->
<testsuite hostname="LAPTOP-U0L5QPBP" failures="0" tests="1" name="com.test.DemoB" time="2.977" errors="0" timestamp="2021-12-10T10:27:18 COT" skipped="0">
  <testcase classname="com.test.DemoB" name="run" time="2.977"/>
  <system-out>
    <![CDATA[the page has been opened
the data bye has been enteder]]>
  </system-out>
</testsuite> <!-- com.test.DemoB -->
