<?xml version="1.0" encoding="UTF-8"?>
<!-- Generated by org.testng.reporters.JUnitReportReporter -->
<testsuite hostname="LAPTOP-U0L5QPBP" failures="0" tests="1" name="com.test.LoginWithJavaScript" time="7.069" errors="0" timestamp="2021-12-16T06:48:08 COT" skipped="0">
  <testcase classname="com.test.LoginWithJavaScript" name="Login" time="7.069"/>
  <system-out/>
</testsuite> <!-- com.test.LoginWithJavaScript -->
