<?xml version="1.0" encoding="UTF-8"?>
<!-- Generated by org.testng.reporters.JUnitReportReporter -->
<testsuite hostname="LAPTOP-U0L5QPBP" failures="0" tests="1" name="com.test.DragAndDropPractice" time="9.375" errors="0" timestamp="2021-12-17T11:42:17 COT" skipped="0">
  <testcase classname="com.test.DragAndDropPractice" name="DragAndDrop" time="9.375"/>
  <system-out>
    <![CDATA[the page has been opened]]>
  </system-out>
</testsuite> <!-- com.test.DragAndDropPractice -->
