<?xml version="1.0" encoding="UTF-8"?>
<!-- Generated by org.testng.reporters.JUnitReportReporter -->
<testsuite hostname="LAPTOP-U0L5QPBP" failures="0" tests="1" name="com.test.ScrollDownWithJavaScript" time="7.785" errors="0" timestamp="2021-12-17T11:11:22 COT" skipped="0">
  <testcase classname="com.test.ScrollDownWithJavaScript" name="Login" time="7.785"/>
  <system-out/>
</testsuite> <!-- com.test.ScrollDownWithJavaScript -->
