<?xml version="1.0" encoding="UTF-8"?>
<!-- Generated by org.testng.reporters.JUnitReportReporter -->
<testsuite hostname="LAPTOP-U0L5QPBP" failures="0" tests="1" name="com.test.Login" time="6.094" errors="0" timestamp="2021-12-16T06:46:02 COT" skipped="0">
  <testcase classname="com.test.Login" name="Login" time="6.094"/>
  <system-out/>
</testsuite> <!-- com.test.Login -->
