<?xml version="1.0" encoding="UTF-8"?>
<!-- Generated by org.testng.reporters.JUnitReportReporter -->
<testsuite hostname="LAPTOP-U0L5QPBP" failures="0" tests="1" name="Listener_Demo.TestCases" time="0.928" errors="0" timestamp="2021-12-09T07:22:09 COT" skipped="0">
  <testcase classname="Listener_Demo.TestCases" name="LogIn" time="0.928"/>
  <system-out/>
</testsuite> <!-- Listener_Demo.TestCases -->
