<?xml version="1.0" encoding="UTF-8"?>
<!-- Generated by org.testng.reporters.JUnitReportReporter -->
<testsuite hostname="LAPTOP-U0L5QPBP" failures="0" tests="3" name="FirstTestNGFile" time="0.803" errors="0" timestamp="2021-12-08T12:55:09 COT" skipped="0">
  <testcase classname="FirstTestNGFile" name="CheckTitle" time="0.090"/>
  <system-out/>
  <testcase classname="FirstTestNGFile" name="CheckIfColorChanges" time="0.349"/>
  <system-out/>
  <testcase classname="FirstTestNGFile" name="CheckSupportPage" time="0.364"/>
  <system-out/>
</testsuite> <!-- FirstTestNGFile -->
