<?xml version="1.0" encoding="UTF-8"?>
<!-- Generated by org.testng.reporters.JUnitReportReporter -->
<testsuite hostname="LAPTOP-U0L5QPBP" failures="0" tests="1" name="parameters.ParameterWithTestNGXML" time="9.447" errors="0" timestamp="2021-12-13T11:33:33 COT" skipped="0">
  <testcase classname="parameters.ParameterWithTestNGXML" name="testParameterWithXML" time="9.447"/>
  <system-out/>
</testsuite> <!-- parameters.ParameterWithTestNGXML -->
