<?xml version="1.0" encoding="UTF-8"?>
<!-- Generated by org.testng.reporters.JUnitReportReporter -->
<testsuite hostname="LAPTOP-U0L5QPBP" failures="0" tests="3" name="ListenerTest" time="1.446" errors="0" timestamp="2021-12-09T07:00:27 COT" skipped="0">
  <testcase classname="ListenerTest" name="CheckTitle" time="0.095"/>
  <system-out/>
  <testcase classname="ListenerTest" name="CheckIfColorChanges" time="0.482"/>
  <system-out/>
  <testcase classname="ListenerTest" name="CheckSupportPage" time="0.869"/>
  <system-out/>
</testsuite> <!-- ListenerTest -->
