<?xml version="1.0" encoding="UTF-8"?>
<!-- Generated by org.testng.reporters.JUnitReportReporter -->
<testsuite hostname="LAPTOP-U0L5QPBP" failures="0" tests="1" name="pages.Test99GuruLogin" time="2.163" errors="0" timestamp="2021-12-18T18:08:57 COT" skipped="0">
  <testcase classname="pages.Test99GuruLogin" name="test_Home_Page_Appear_Correct" time="2.163"/>
  <system-out/>
</testsuite> <!-- pages.Test99GuruLogin -->
