<?xml version="1.0" encoding="UTF-8"?>
<!-- Generated by org.testng.reporters.JUnitReportReporter -->
<testsuite hostname="LAPTOP-U0L5QPBP" failures="0" tests="1" name="parametersPractice.NoParameterWithTestNGXML" time="8.494" errors="0" timestamp="2021-12-13T11:22:25 COT" skipped="0">
  <testcase classname="parametersPractice.NoParameterWithTestNGXML" name="testNoParameter" time="8.494"/>
  <system-out/>
</testsuite> <!-- parametersPractice.NoParameterWithTestNGXML -->
